<?xml version="1.0" encoding="UTF-8"?>
<!-- Generated by org.testng.reporters.JUnitReportReporter -->
<testsuite name="TestNGpackage.priorityTest" tests="1" time="0.006" ignored="1" failures="0" timestamp="19 Feb 2017 18:17:18 GMT" skipped="0" hostname="Agile1Tech-PC" errors="0">
  <testcase name="f" time="0.006" classname="TestNGpackage.priorityTest"/>
  <testcase name="c" classname="TestNGpackage.priorityTest">
    <skipped/>
  </testcase> <!-- c -->
</testsuite> <!-- TestNGpackage.priorityTest -->
