<?xml version="1.0" encoding="UTF-8"?>
<!-- Generated by org.testng.reporters.JUnitReportReporter -->
<testsuite name="TestNGpackage.FirstTest" tests="1" time="0.003" ignored="1" failures="0" timestamp="19 Feb 2017 17:44:05 GMT" skipped="0" hostname="Agile1Tech-PC" errors="0">
  <testcase name="ba" time="0.003" classname="TestNGpackage.FirstTest"/>
  <testcase name="bb" classname="TestNGpackage.FirstTest">
    <skipped/>
  </testcase> <!-- bb -->
</testsuite> <!-- TestNGpackage.FirstTest -->
