<?xml version="1.0" encoding="UTF-8"?>
<!-- Generated by org.testng.reporters.JUnitReportReporter -->
<testsuite name="TestNGpackage.DataProviderTest" tests="2" time="0.006" ignored="0" failures="0" timestamp="19 Feb 2017 20:25:15 GMT" skipped="0" hostname="Agile1Tech-PC" errors="0">
  <testcase name="dataptest" time="0.001" classname="TestNGpackage.DataProviderTest"/>
  <testcase name="dataptest" time="0.005" classname="TestNGpackage.DataProviderTest"/>
</testsuite> <!-- TestNGpackage.DataProviderTest -->
