<?xml version="1.0" encoding="UTF-8"?>
<!-- Generated by org.testng.reporters.JUnitReportReporter -->
<testsuite name="FirstTest" tests="3" time="0.004" ignored="0" failures="0" timestamp="19 Feb 2017 17:41:30 GMT" skipped="0" hostname="Agile1Tech-PC" errors="0">
  <testcase name="bb" time="0.000" classname="FirstTest"/>
  <testcase name="ba" time="0.003" classname="FirstTest"/>
  <testcase name="ca" time="0.001" classname="FirstTest"/>
</testsuite> <!-- FirstTest -->
