<?xml version="1.0" encoding="UTF-8"?>
<!-- Generated by org.testng.reporters.JUnitReportReporter -->
<testsuite name="TestNGpackage.EmiratesTest" tests="1" time="30.495" ignored="0" failures="0" timestamp="19 Feb 2017 17:26:24 GMT" skipped="0" hostname="Agile1Tech-PC" errors="0">
  <testcase name="maintest" time="30.495" classname="TestNGpackage.EmiratesTest"/>
</testsuite> <!-- TestNGpackage.EmiratesTest -->
