<?xml version="1.0" encoding="UTF-8"?>
<!-- Generated by org.testng.reporters.JUnitReportReporter -->
<testsuite name="TestNGpackage.DependentTest" tests="3" time="0.007" ignored="0" failures="0" timestamp="19 Feb 2017 18:27:34 GMT" skipped="0" hostname="Agile1Tech-PC" errors="0">
  <testcase name="c" time="0.003" classname="TestNGpackage.DependentTest"/>
  <testcase name="a" time="0.003" classname="TestNGpackage.DependentTest"/>
  <testcase name="f" time="0.001" classname="TestNGpackage.DependentTest"/>
</testsuite> <!-- TestNGpackage.DependentTest -->
